Installing library in C:\Users\Lexer\Documents\Uni\FYP\axl626\Application\Portfolio\.cabal-sandbox\x86_64-windows-ghc-8.4.3\cassava-0.5.1.0-8hg14R4n62c2FOD1srwxmY
ac61d7\build\Data\Csv\Types.o )
[ 2 of 10] Compiling Data.Csv.Util    ( Data\Csv\Util.hs, dist\dist-sandbox-bfac61d7\build\Data\Csv\Util.o )
[ 3 of 10] Compiling Data.Csv.Parser  ( Data\Csv\Parser.hs, dist\dist-sandbox-bfac61d7\build\Data\Csv\Parser.o )
[ 4 of 10] Compiling Data.Csv.Conversion.Internal ( Data\Csv\Conversion\Internal.hs, dist\dist-sandbox-bfac61d7\build\Data\Csv\Conversion\Internal.o )

Data\Csv\Conversion\Internal.hs:16:1: warning: [-Wunused-imports]
    The import of `Data.Monoid' is redundant
      except perhaps to import instances from `Data.Monoid'
    To import instances alone, use: import Data.Monoid()
   |
16 | import Data.Monoid
   | ^^^^^^^^^^^^^^^^^^
[ 5 of 10] Compiling Data.Csv.Conversion ( Data\Csv\Conversion.hs, dist\dist-sandbox-bfac61d7\build\Data\Csv\Conversion.o )
[ 6 of 10] Compiling Data.Csv.Encoding ( Data\Csv\Encoding.hs, dist\dist-sandbox-bfac61d7\build\Data\Csv\Encoding.o )
[ 7 of 10] Compiling Data.Csv.Incremental ( Data\Csv\Incremental.hs, dist\dist-sandbox-bfac61d7\build\Data\Csv\Incremental.o )
[ 8 of 10] Compiling Data.Csv.Streaming ( Data\Csv\Streaming.hs, dist\dist-sandbox-bfac61d7\build\Data\Csv\Streaming.o )
[ 9 of 10] Compiling Data.Csv.Builder ( Data\Csv\Builder.hs, dist\dist-sandbox-bfac61d7\build\Data\Csv\Builder.o )

Data\Csv\Builder.hs:19:1: warning: [-Wunused-imports]
    The import of `Data.Monoid' is redundant
      except perhaps to import instances from `Data.Monoid'
    To import instances alone, use: import Data.Monoid()
   |
19 | import Data.Monoid
   | ^^^^^^^^^^^^^^^^^^
[10 of 10] Compiling Data.Csv         ( Data\Csv.hs, dist\dist-sandbox-bfac61d7\build\Data\Csv.o )
ignoring (possibly broken) abi-depends field for packages
cabal: Leaving directory 'C:\Users\Lexer\AppData\Local\Temp\cabal-tmp-8060\cassava-0.5.1.0'
