Installing library in C:\Users\Lexer\Documents\Uni\FYP\axl626\Application\Portfolio\.cabal-sandbox\x86_64-windows-ghc-8.4.3\time-1.9.2-3C0d4KdxFiA7cdsiT94A7U
d7\build\Data\Format.o )
[ 2 of 43] Compiling Data.Time.Calendar.CalendarDiffDays ( lib\Data\Time\Calendar\CalendarDiffDays.hs, dist\dist-sandbox-bfac61d7\build\Data\Time\Calendar\CalendarDiffDays.o )
[ 3 of 43] Compiling Data.Time.Calendar.Days ( lib\Data\Time\Calendar\Days.hs, dist\dist-sandbox-bfac61d7\build\Data\Time\Calendar\Days.o )
[ 4 of 43] Compiling Data.Time.Calendar.Private ( lib\Data\Time\Calendar\Private.hs, dist\dist-sandbox-bfac61d7\build\Data\Time\Calendar\Private.o )
[ 5 of 43] Compiling Data.Time.Calendar.OrdinalDate ( lib\Data\Time\Calendar\OrdinalDate.hs, dist\dist-sandbox-bfac61d7\build\Data\Time\Calendar\OrdinalDate.o )
[ 6 of 43] Compiling Data.Time.Calendar.MonthDay ( lib\Data\Time\Calendar\MonthDay.hs, dist\dist-sandbox-bfac61d7\build\Data\Time\Calendar\MonthDay.o )
[ 7 of 43] Compiling Data.Time.Calendar.JulianYearDay ( lib\Data\Time\Calendar\JulianYearDay.hs, dist\dist-sandbox-bfac61d7\build\Data\Time\Calendar\JulianYearDay.o )
[ 8 of 43] Compiling Data.Time.Calendar.Julian ( lib\Data\Time\Calendar\Julian.hs, dist\dist-sandbox-bfac61d7\build\Data\Time\Calendar\Julian.o )
[ 9 of 43] Compiling Data.Time.Calendar.Gregorian ( lib\Data\Time\Calendar\Gregorian.hs, dist\dist-sandbox-bfac61d7\build\Data\Time\Calendar\Gregorian.o )
[10 of 43] Compiling Data.Time.Calendar.Week ( lib\Data\Time\Calendar\Week.hs, dist\dist-sandbox-bfac61d7\build\Data\Time\Calendar\Week.o )
[11 of 43] Compiling Data.Time.Calendar.WeekDate ( lib\Data\Time\Calendar\WeekDate.hs, dist\dist-sandbox-bfac61d7\build\Data\Time\Calendar\WeekDate.o )
[12 of 43] Compiling Data.Time.Clock.Internal.CTimespec ( dist\dist-sandbox-bfac61d7\build\Data\Time\Clock\Internal\CTimespec.hs, dist\dist-sandbox-bfac61d7\build\Data\Time\Clock\Internal\CTimespec.o )
[13 of 43] Compiling Data.Time.Clock.Internal.CTimeval ( lib\Data\Time\Clock\Internal\CTimeval.hs, dist\dist-sandbox-bfac61d7\build\Data\Time\Clock\Internal\CTimeval.o )
[14 of 43] Compiling Data.Time.Clock.Internal.DiffTime ( lib\Data\Time\Clock\Internal\DiffTime.hs, dist\dist-sandbox-bfac61d7\build\Data\Time\Clock\Internal\DiffTime.o )
[15 of 43] Compiling Data.Time.Clock.Internal.AbsoluteTime ( lib\Data\Time\Clock\Internal\AbsoluteTime.hs, dist\dist-sandbox-bfac61d7\build\Data\Time\Clock\Internal\AbsoluteTime.o )
[16 of 43] Compiling Data.Time.Clock.Internal.NominalDiffTime ( lib\Data\Time\Clock\Internal\NominalDiffTime.hs, dist\dist-sandbox-bfac61d7\build\Data\Time\Clock\Internal\NominalDiffTime.o )
[17 of 43] Compiling Data.Time.Clock.Internal.POSIXTime ( lib\Data\Time\Clock\Internal\POSIXTime.hs, dist\dist-sandbox-bfac61d7\build\Data\Time\Clock\Internal\POSIXTime.o )
[18 of 43] Compiling Data.Time.Clock.Internal.SystemTime ( lib\Data\Time\Clock\Internal\SystemTime.hs, dist\dist-sandbox-bfac61d7\build\Data\Time\Clock\Internal\SystemTime.o )
[19 of 43] Compiling Data.Time.Clock.Internal.UTCTime ( lib\Data\Time\Clock\Internal\UTCTime.hs, dist\dist-sandbox-bfac61d7\build\Data\Time\Clock\Internal\UTCTime.o )
[20 of 43] Compiling Data.Time.Clock.Internal.UniversalTime ( lib\Data\Time\Clock\Internal\UniversalTime.hs, dist\dist-sandbox-bfac61d7\build\Data\Time\Clock\Internal\UniversalTime.o )
[21 of 43] Compiling Data.Time.Clock.System ( lib\Data\Time\Clock\System.hs, dist\dist-sandbox-bfac61d7\build\Data\Time\Clock\System.o )
[22 of 43] Compiling Data.Time.Clock.POSIX ( lib\Data\Time\Clock\POSIX.hs, dist\dist-sandbox-bfac61d7\build\Data\Time\Clock\POSIX.o )
[23 of 43] Compiling Data.Time.Clock.Internal.UTCDiff ( lib\Data\Time\Clock\Internal\UTCDiff.hs, dist\dist-sandbox-bfac61d7\build\Data\Time\Clock\Internal\UTCDiff.o )
[24 of 43] Compiling Data.Time.LocalTime.Internal.CalendarDiffTime ( lib\Data\Time\LocalTime\Internal\CalendarDiffTime.hs, dist\dist-sandbox-bfac61d7\build\Data\Time\LocalTime\Internal\CalendarDiffTime.o )
[25 of 43] Compiling Data.Time.LocalTime.Internal.TimeZone ( lib\Data\Time\LocalTime\Internal\TimeZone.hs, dist\dist-sandbox-bfac61d7\build\Data\Time\LocalTime\Internal\TimeZone.o )
[26 of 43] Compiling Data.Time.LocalTime.Internal.TimeOfDay ( lib\Data\Time\LocalTime\Internal\TimeOfDay.hs, dist\dist-sandbox-bfac61d7\build\Data\Time\LocalTime\Internal\TimeOfDay.o )
[27 of 43] Compiling Data.Time.LocalTime.Internal.LocalTime ( lib\Data\Time\LocalTime\Internal\LocalTime.hs, dist\dist-sandbox-bfac61d7\build\Data\Time\LocalTime\Internal\LocalTime.o )
[28 of 43] Compiling Data.Time.Format.Locale ( lib\Data\Time\Format\Locale.hs, dist\dist-sandbox-bfac61d7\build\Data\Time\Format\Locale.o )
[29 of 43] Compiling Data.Time.Format.Parse.Class ( lib\Data\Time\Format\Parse\Class.hs, dist\dist-sandbox-bfac61d7\build\Data\Time\Format\Parse\Class.o )
[30 of 43] Compiling Data.Time.Format.Format.Class ( lib\Data\Time\Format\Format\Class.hs, dist\dist-sandbox-bfac61d7\build\Data\Time\Format\Format\Class.o )
[31 of 43] Compiling Data.Time.Format.Internal ( lib\Data\Time\Format\Internal.hs, dist\dist-sandbox-bfac61d7\build\Data\Time\Format\Internal.o )
[32 of 43] Compiling Data.Time.LocalTime.Internal.ZonedTime ( lib\Data\Time\LocalTime\Internal\ZonedTime.hs, dist\dist-sandbox-bfac61d7\build\Data\Time\LocalTime\Internal\ZonedTime.o )
[33 of 43] Compiling Data.Time.Format.Parse.Instances ( lib\Data\Time\Format\Parse\Instances.hs, dist\dist-sandbox-bfac61d7\build\Data\Time\Format\Parse\Instances.o )
[34 of 43] Compiling Data.Time.Format.Parse ( lib\Data\Time\Format\Parse.hs, dist\dist-sandbox-bfac61d7\build\Data\Time\Format\Parse.o )
[35 of 43] Compiling Data.Time.Format.Format.Instances ( lib\Data\Time\Format\Format\Instances.hs, dist\dist-sandbox-bfac61d7\build\Data\Time\Format\Format\Instances.o )
[36 of 43] Compiling Data.Time.Format ( lib\Data\Time\Format.hs, dist\dist-sandbox-bfac61d7\build\Data\Time\Format.o )
[37 of 43] Compiling Data.Time.LocalTime ( lib\Data\Time\LocalTime.hs, dist\dist-sandbox-bfac61d7\build\Data\Time\LocalTime.o )
[38 of 43] Compiling Data.Time.Clock  ( lib\Data\Time\Clock.hs, dist\dist-sandbox-bfac61d7\build\Data\Time\Clock.o )
[39 of 43] Compiling Data.Time.Clock.TAI ( lib\Data\Time\Clock\TAI.hs, dist\dist-sandbox-bfac61d7\build\Data\Time\Clock\TAI.o )
[40 of 43] Compiling Data.Time.Calendar ( lib\Data\Time\Calendar.hs, dist\dist-sandbox-bfac61d7\build\Data\Time\Calendar.o )
[41 of 43] Compiling Data.Time.Calendar.Easter ( lib\Data\Time\Calendar\Easter.hs, dist\dist-sandbox-bfac61d7\build\Data\Time\Calendar\Easter.o )
[42 of 43] Compiling Data.Time        ( lib\Data\Time.hs, dist\dist-sandbox-bfac61d7\build\Data\Time.o )
[43 of 43] Compiling Data.Time.Format.ISO8601 ( lib\Data\Time\Format\ISO8601.hs, dist\dist-sandbox-bfac61d7\build\Data\Time\Format\ISO8601.o )
ignoring (possibly broken) abi-depends field for packages
cabal: Leaving directory 'C:\Users\Lexer\AppData\Local\Temp\cabal-tmp-11220\time-1.9.2'
